<?xml version="1.0" encoding="UTF-8"?>
<!-- Generated by org.testng.reporters.JUnitXMLReporter -->
<testsuite ignored="2" hostname="DESKTOP-F48LRL5" failures="0" tests="3" name="forms" time="190.652" errors="0" timestamp="2023-03-10T19:36:21 IST">
  <testcase classname="com.effort.test.forms.FormsTest" name="formSpecCreation" time="108.252"/>
  <testcase classname="com.effort.test.forms.FormsTest" name="validateFromSpec_In_WebApp" time="28.529"/>
  <testcase classname="com.effort.test.forms.FormSubmissionTest" name="submitForm" time="31.034"/>
  <testcase classname="com.effort.nxt.test.BaseAutomationTest" name="@BeforeSuite initTestData" time="0.0">
    <ignored/>
  </testcase> <!-- @BeforeSuite initTestData -->
  <testcase classname="com.effort.nxt.test.BaseAutomationTest" name="@AfterSuite quitAllDrivers" time="0.0">
    <ignored/>
  </testcase> <!-- @AfterSuite quitAllDrivers -->
</testsuite> <!-- forms -->
