<?xml version="1.0" encoding="UTF-8"?>
<!-- Generated by org.testng.reporters.JUnitXMLReporter -->
<testsuite ignored="0" hostname="DESKTOP-F48LRL5" failures="0" tests="3" name="works" time="79.368" errors="0" timestamp="2023-03-10T19:33:10 IST">
  <testcase classname="com.effort.nxt.test.works.WorkProcessCreationTest" name="workSpecCreation" time="55.059"/>
  <testcase classname="com.effort.nxt.test.works.WorkProcessCreationTest" name="validateWorkSpec_In_Web" time="7.155"/>
  <testcase classname="com.effort.nxt.test.works.WorkProcessCreationTest" name="AddWork" time="0.004"/>
</testsuite> <!-- works -->
