<?xml version="1.0" encoding="UTF-8"?>
<testsuite xmlns:xsi="http://www.w3.org/2001/XMLSchema-instance" xsi:noNamespaceSchemaLocation="https://maven.apache.org/surefire/maven-surefire-plugin/xsd/surefire-test-report-3.0.xsd" version="3.0" name="TestSuite" time="551.598" tests="9" errors="0" skipped="0" failures="2">
  <properties>
[...]
</properties>
  <testcase name="logIn" classname="com.effort.nxt.test.LoginTest" time="124.419">
    <failure message="Expected condition failed: waiting for visibility of Proxy element for: DefaultElementLocator &apos;By.xpath: //a[text()=&apos;Web App&apos;]&apos; (tried for 5 second(s) with 500 milliseconds interval)" type="org.openqa.selenium.TimeoutException"><![CDATA[org.openqa.selenium.TimeoutException: Expected condition failed: waiting for visibility of Proxy element for: DefaultElementLocator 'By.xpath: //a[text()='Web App']' (tried for 5 second(s) with 500 milliseconds interval)
	at com.effort.nxt.test.LoginTest.logIn(LoginTest.java:45)
Caused by: org.openqa.selenium.NoSuchElementException: 
no such element: Unable to locate element: {"method":"xpath","selector":"//a[text()='Web App']"}
  (Session info: chrome=111.0.5563.64)
For documentation on this error, please visit: https://www.seleniumhq.org/exceptions/no_such_element.html
Build info: version: '3.141.59', revision: 'e82be7d358', time: '2018-11-14T08:17:03'
System info: host: 'DESKTOP-F48LRL5', ip: '192.168.2.116', os.name: 'Windows 10', os.arch: 'amd64', os.version: '10.0', java.version: '17.0.1'
Driver info: org.openqa.selenium.chrome.ChromeDriver
Capabilities {acceptInsecureCerts: false, browserName: chrome, browserVersion: 111.0.5563.64, chrome: {chromedriverVersion: 111.0.5563.64 (c710e93d5b63..., userDataDir: C:\Users\srini\AppData\Loca...}, goog:chromeOptions: {debuggerAddress: localhost:49252}, javascriptEnabled: true, networkConnectionEnabled: false, pageLoadStrategy: normal, platform: WINDOWS, platformName: WINDOWS, proxy: Proxy(), setWindowRect: true, strictFileInteractability: false, timeouts: {implicit: 0, pageLoad: 300000, script: 30000}, unhandledPromptBehavior: dismiss and notify, webauthn:extension:credBlob: true, webauthn:extension:largeBlob: true, webauthn:extension:minPinLength: true, webauthn:extension:prf: true, webauthn:virtualAuthenticators: true}
Session ID: badd55971e3421825a7fb82f603bca09
*** Element info: {Using=xpath, value=//a[text()='Web App']}
	at com.effort.nxt.test.LoginTest.logIn(LoginTest.java:45)
]]></failure>
    <system-out><![CDATA[[TestNGContentHandler] [WARN] It is strongly recommended to add "<!DOCTYPE suite SYSTEM "https://testng.org/testng-1.0.dtd" >" at the top of your file, otherwise TestNG may fail or not work as expected.
2023-03-10 19:27:17,956 [main] INFO  com.effort.nxt.test.LoginTest  - Starting of initEffortLogin method in LoginTest
2023-03-10 19:27:17,957 [main] INFO  com.effort.nxt.test.BaseAutomationTest  - Starting of method getWebDriver
2023-03-10 19:27:21,007 [main] INFO  com.effort.nxt.test.BaseAutomationTest  - ***************** Driver Successfully Created **************** 
2023-03-10 19:27:21,008 [main] INFO  com.effort.nxt.test.BaseAutomationTest  - End of method getWebDriver
2023-03-10 19:27:23,746 [main] INFO  com.effort.base.BaseAutomationPage  - Starting of selectDropdown method
2023-03-10 19:27:23,746 [main] INFO  com.effort.base.BaseAutomationPage  - Ending of selectDropdown method
2023-03-10 19:27:23,746 [main] DEBUG com.effort.base.BaseAutomationPage  - In Constructor C:\SeleniumWorkSpace\EFFORT_WEB_LIVE\src\test\resources
2023-03-10 19:27:23,801 [main] INFO  com.effort.nxt.test.LoginTest  - Ending of initEffortLogin method in LoginTest
2023-03-10 19:27:24,013 [main] INFO  com.effort.nxt.test.LoginTest  - Starting of logIn method
2023-03-10 19:27:24,013 [main] INFO  com.effort.base.LoginPage  - Starting of enterUserName method
2023-03-10 19:27:24,013 [main] INFO  com.effort.base.BaseAutomationPage  - Starting of implicitWait Method
2023-03-10 19:27:24,022 [main] INFO  com.effort.base.BaseAutomationPage  - Ending of implicitWait Method
2023-03-10 19:27:24,186 [main] INFO  com.effort.base.LoginPage  - Ending of enterUserName method
2023-03-10 19:27:24,186 [main] INFO  com.effort.base.LoginPage  - Starting of clickOnPassword method
2023-03-10 19:27:24,186 [main] INFO  com.effort.base.BaseAutomationPage  - Starting of implicitWait Method
2023-03-10 19:27:24,191 [main] INFO  com.effort.base.BaseAutomationPage  - Ending of implicitWait Method
2023-03-10 19:27:24,272 [main] INFO  com.effort.base.LoginPage  - Ending of clickOnPassword method
2023-03-10 19:27:24,272 [main] INFO  com.effort.base.LoginPage  - Starting of clickOnLoginButton method
2023-03-10 19:27:24,272 [main] INFO  com.effort.base.BaseAutomationPage  - Starting of implicitWait Method
2023-03-10 19:27:24,276 [main] INFO  com.effort.base.BaseAutomationPage  - Ending of implicitWait Method
2023-03-10 19:27:27,883 [main] INFO  com.effort.base.LoginPage  - Ending of clickOnLoginButton method
2023-03-10 19:27:27,883 [main] INFO  com.effort.base.LoginPage  - Starting of WebApp method
2023-03-10 19:27:27,884 [main] INFO  com.effort.base.BaseAutomationPage  - Starting of waitUntilElementVisible method
]]></system-out>
    <system-err><![CDATA[SLF4J: Failed to load class "org.slf4j.impl.StaticLoggerBinder".
SLF4J: Defaulting to no-operation (NOP) logger implementation
SLF4J: See http://www.slf4j.org/codes.html#StaticLoggerBinder for further details.
Starting ChromeDriver 111.0.5563.64 (c710e93d5b63b7095afe8c2c17df34408078439d-refs/branch-heads/5563@{#995}) on port 42061
Only local connections are allowed.
Please see https://chromedriver.chromium.org/security-considerations for suggestions on keeping ChromeDriver safe.
ChromeDriver was started successfully.
Mar 10, 2023 7:27:19 PM org.openqa.selenium.remote.ProtocolHandshake createSession
INFO: Detected dialect: W3C
]]></system-err>
  </testcase>
  <testcase name="logout" classname="com.effort.nxt.test.LoginTest" time="244.577">
    <failure message="Expected condition failed: waiting for visibility of Proxy element for: DefaultElementLocator &apos;By.xpath: //li[@id=&apos;logout_id&apos;]&apos; (tried for 5 second(s) with 500 milliseconds interval)" type="org.openqa.selenium.TimeoutException"><![CDATA[org.openqa.selenium.TimeoutException: Expected condition failed: waiting for visibility of Proxy element for: DefaultElementLocator 'By.xpath: //li[@id='logout_id']' (tried for 5 second(s) with 500 milliseconds interval)
	at com.effort.nxt.test.LoginTest.logout(LoginTest.java:52)
Caused by: org.openqa.selenium.NoSuchElementException: 
no such element: Unable to locate element: {"method":"xpath","selector":"//li[@id='logout_id']"}
  (Session info: chrome=111.0.5563.64)
For documentation on this error, please visit: https://www.seleniumhq.org/exceptions/no_such_element.html
Build info: version: '3.141.59', revision: 'e82be7d358', time: '2018-11-14T08:17:03'
System info: host: 'DESKTOP-F48LRL5', ip: '192.168.2.116', os.name: 'Windows 10', os.arch: 'amd64', os.version: '10.0', java.version: '17.0.1'
Driver info: org.openqa.selenium.chrome.ChromeDriver
Capabilities {acceptInsecureCerts: false, browserName: chrome, browserVersion: 111.0.5563.64, chrome: {chromedriverVersion: 111.0.5563.64 (c710e93d5b63..., userDataDir: C:\Users\srini\AppData\Loca...}, goog:chromeOptions: {debuggerAddress: localhost:49252}, javascriptEnabled: true, networkConnectionEnabled: false, pageLoadStrategy: normal, platform: WINDOWS, platformName: WINDOWS, proxy: Proxy(), setWindowRect: true, strictFileInteractability: false, timeouts: {implicit: 0, pageLoad: 300000, script: 30000}, unhandledPromptBehavior: dismiss and notify, webauthn:extension:credBlob: true, webauthn:extension:largeBlob: true, webauthn:extension:minPinLength: true, webauthn:extension:prf: true, webauthn:virtualAuthenticators: true}
Session ID: badd55971e3421825a7fb82f603bca09
*** Element info: {Using=xpath, value=//li[@id='logout_id']}
	at com.effort.nxt.test.LoginTest.logout(LoginTest.java:52)
]]></failure>
    <system-out><![CDATA[2023-03-10 19:29:28,451 [main] INFO  com.effort.nxt.test.LoginTest  - Starting of logout method
2023-03-10 19:29:28,451 [main] INFO  com.effort.base.LoginPage  - Starting of Logout method
2023-03-10 19:29:28,451 [main] INFO  com.effort.base.BaseAutomationPage  - Starting of waitUntilElementVisible method
]]></system-out>
  </testcase>
  <testcase name="AddEmployee" classname="com.effort.nxt.test.employees.EmployeeCreationTest" time="8.532">
    <system-out><![CDATA[2023-03-10 19:31:29,285 [main] INFO  com.effort.nxt.test.employees.EmployeeCreationTest  - starting of initEfforrt Login Method of Employee process
2023-03-10 19:31:29,285 [main] INFO  com.effort.nxt.test.BaseAutomationTest  - Starting of method getWebDriver
2023-03-10 19:31:29,285 [main] DEBUG com.effort.nxt.test.BaseAutomationTest  - Using existing web driver LOGIN_DRIVER
2023-03-10 19:31:31,257 [main] INFO  com.effort.base.LoginPage  - Starting of enterUserName method
2023-03-10 19:31:31,258 [main] INFO  com.effort.base.BaseAutomationPage  - Starting of implicitWait Method
2023-03-10 19:31:31,262 [main] INFO  com.effort.base.BaseAutomationPage  - Ending of implicitWait Method
2023-03-10 19:31:31,401 [main] INFO  com.effort.base.LoginPage  - Ending of enterUserName method
2023-03-10 19:31:31,401 [main] INFO  com.effort.base.LoginPage  - Starting of clickOnPassword method
2023-03-10 19:31:31,401 [main] INFO  com.effort.base.BaseAutomationPage  - Starting of implicitWait Method
2023-03-10 19:31:31,404 [main] INFO  com.effort.base.BaseAutomationPage  - Ending of implicitWait Method
2023-03-10 19:31:31,489 [main] INFO  com.effort.base.LoginPage  - Ending of clickOnPassword method
2023-03-10 19:31:31,490 [main] INFO  com.effort.base.LoginPage  - Starting of clickOnLoginButton method
2023-03-10 19:31:31,490 [main] INFO  com.effort.base.BaseAutomationPage  - Starting of implicitWait Method
2023-03-10 19:31:31,494 [main] INFO  com.effort.base.BaseAutomationPage  - Ending of implicitWait Method
2023-03-10 19:31:34,466 [main] INFO  com.effort.base.LoginPage  - Ending of clickOnLoginButton method
2023-03-10 19:31:34,466 [main] INFO  com.effort.employees.EmployeeCreation  - Starting of Click on web App method
2023-03-10 19:31:34,466 [main] INFO  com.effort.base.BaseAutomationPage  - Starting of waitUntilElementVisible method
2023-03-10 19:31:34,575 [main] INFO  com.effort.base.BaseAutomationPage  - Ending of waitUntilElementVisible method
2023-03-10 19:31:40,156 [main] INFO  com.effort.employees.EmployeeCreation  - Ending of Click on web App method
2023-03-10 19:31:40,156 [main] INFO  com.effort.nxt.test.employees.EmployeeCreationTest  - Ending of initEffortLogin method in Work Creation process
2023-03-10 19:31:40,160 [main] INFO  com.effort.nxt.test.employees.EmployeeCreationTest  - Starting of createEmployee Method
2023-03-10 19:31:40,160 [main] INFO  com.effort.employees.EmployeeCreation  - Starting of clickOnEmployees method
2023-03-10 19:31:40,160 [main] INFO  com.effort.base.BaseAutomationPage  - Starting of waitUntilElementVisible method
2023-03-10 19:31:40,239 [main] INFO  com.effort.base.BaseAutomationPage  - Ending of waitUntilElementVisible method
2023-03-10 19:31:41,257 [main] INFO  com.effort.employees.EmployeeCreation  - Ending of clickOnEmployees method
2023-03-10 19:31:41,257 [main] INFO  com.effort.employees.EmployeeCreation  - Starting of clickOnAddEmpBtn method
2023-03-10 19:31:41,257 [main] INFO  com.effort.base.BaseAutomationPage  - Starting of waitUntilElementVisible method
2023-03-10 19:31:41,315 [main] INFO  com.effort.base.BaseAutomationPage  - Ending of waitUntilElementVisible method
2023-03-10 19:31:41,518 [main] INFO  com.effort.employees.EmployeeCreation  - Ending of clickOnAddEmpBtn method
2023-03-10 19:31:41,518 [main] INFO  com.effort.employees.EmployeeCreation  - Starting of switchNewWindow method
2023-03-10 19:31:41,552 [main] INFO  com.effort.employees.EmployeeCreation  - Starting of enterFirstName method
2023-03-10 19:31:41,552 [main] INFO  com.effort.base.BaseAutomationPage  - Starting of waitUntilElementVisible method
2023-03-10 19:31:43,178 [main] INFO  com.effort.base.BaseAutomationPage  - Ending of waitUntilElementVisible method
2023-03-10 19:31:43,384 [main] INFO  com.effort.employees.EmployeeCreation  - Ending of enterFirstName method
2023-03-10 19:31:43,385 [main] INFO  com.effort.employees.EmployeeCreation  - Starting of enterLastName method
2023-03-10 19:31:43,385 [main] INFO  com.effort.base.BaseAutomationPage  - Starting of waitUntilElementVisible method
2023-03-10 19:31:43,452 [main] INFO  com.effort.base.BaseAutomationPage  - Ending of waitUntilElementVisible method
2023-03-10 19:31:43,612 [main] INFO  com.effort.employees.EmployeeCreation  - ending of enterLastName method
2023-03-10 19:31:43,612 [main] INFO  com.effort.employees.EmployeeCreation  - Starting of enterEmpId method
2023-03-10 19:31:43,613 [main] INFO  com.effort.base.BaseAutomationPage  - Starting of getUniqueNumber method
2023-03-10 19:31:43,613 [main] INFO  com.effort.base.BaseAutomationPage  - Ending of getUniqueNumber method
2023-03-10 19:31:43,613 [main] INFO  com.effort.base.BaseAutomationPage  - Starting of waitUntilElementVisible method
2023-03-10 19:31:43,680 [main] INFO  com.effort.base.BaseAutomationPage  - Ending of waitUntilElementVisible method
2023-03-10 19:31:43,801 [main] INFO  com.effort.employees.EmployeeCreation  - ending of enterEmpId method
2023-03-10 19:31:43,801 [main] INFO  com.effort.employees.EmployeeCreation  - Starting of managerCheckBox method
2023-03-10 19:31:43,801 [main] INFO  com.effort.base.BaseAutomationPage  - Starting of waitUntilElementVisible method
2023-03-10 19:31:43,835 [main] INFO  com.effort.base.BaseAutomationPage  - Ending of waitUntilElementVisible method
2023-03-10 19:31:43,915 [main] INFO  com.effort.employees.EmployeeCreation  - ending of managerCheckBox method
2023-03-10 19:31:43,916 [main] INFO  com.effort.employees.EmployeeCreation  - Starting of qrCodeCheckBox method
2023-03-10 19:31:43,916 [main] INFO  com.effort.base.BaseAutomationPage  - Starting of waitUntilElementVisible method
2023-03-10 19:31:43,968 [main] INFO  com.effort.base.BaseAutomationPage  - Ending of waitUntilElementVisible method
2023-03-10 19:31:44,081 [main] INFO  com.effort.employees.EmployeeCreation  - ending of qrCodeCheckBox method
2023-03-10 19:31:44,082 [main] INFO  com.effort.employees.EmployeeCreation  - Starting of enterEmpEmail method
2023-03-10 19:31:44,082 [main] INFO  com.effort.base.BaseAutomationPage  - Starting of waitUntilElementVisible method
2023-03-10 19:31:44,121 [main] INFO  com.effort.base.BaseAutomationPage  - Ending of waitUntilElementVisible method
2023-03-10 19:31:44,217 [main] INFO  com.effort.employees.EmployeeCreation  - ending of enterEmpEmail method
2023-03-10 19:31:44,217 [main] INFO  com.effort.employees.EmployeeCreation  - Starting of enterEmpPhone method
2023-03-10 19:31:44,217 [main] INFO  com.effort.base.BaseAutomationPage  - Starting of randomMobileNumbers method
2023-03-10 19:31:44,217 [main] INFO  com.effort.base.BaseAutomationPage  - Starting of waitUntilElementVisible method
2023-03-10 19:31:44,253 [main] INFO  com.effort.base.BaseAutomationPage  - Ending of waitUntilElementVisible method
2023-03-10 19:31:44,349 [main] INFO  com.effort.employees.EmployeeCreation  - ending of enterEmpPhone method
2023-03-10 19:31:44,349 [main] INFO  com.effort.employees.EmployeeCreation  - Starting of clickOnSaveBtn method
2023-03-10 19:31:44,349 [main] INFO  com.effort.base.BaseAutomationPage  - Starting of waitUntilElementVisible method
2023-03-10 19:31:44,385 [main] INFO  com.effort.base.BaseAutomationPage  - Ending of waitUntilElementVisible method
2023-03-10 19:31:48,686 [main] INFO  com.effort.employees.EmployeeCreation  - ending of qrCodeCheckBox method
]]></system-out>
  </testcase>
  <testcase name="workSpecCreation" classname="com.effort.nxt.test.works.WorkProcessCreationTest" time="55.068">
    <system-out><![CDATA[2023-03-10 19:31:48,692 [main] INFO  com.effort.nxt.test.employees.EmployeeCreationTest  - Starting of Log-out Method
2023-03-10 19:31:48,692 [main] INFO  com.effort.employees.EmployeeCreation  - Starting of Logout method
2023-03-10 19:31:48,692 [main] INFO  com.effort.base.BaseAutomationPage  - Starting of waitUntilElementVisible method
2023-03-10 19:31:48,755 [main] INFO  com.effort.base.BaseAutomationPage  - Ending of waitUntilElementVisible method
2023-03-10 19:31:51,189 [main] INFO  com.effort.employees.EmployeeCreation  - Ending of Logout method
2023-03-10 19:31:51,190 [main] INFO  com.effort.nxt.test.employees.EmployeeCreationTest  - Ending of log-out Method
2023-03-10 19:31:51,496 [main] INFO  com.effort.nxt.test.works.WorkProcessCreationTest  - starting of initEfforrt Login Method in work creation process
2023-03-10 19:31:51,497 [main] INFO  com.effort.nxt.test.BaseAutomationTest  - Starting of method getWebDriver
2023-03-10 19:31:51,498 [main] DEBUG com.effort.nxt.test.BaseAutomationTest  - Using existing web driver LOGIN_DRIVER
2023-03-10 19:31:53,074 [main] INFO  com.effort.base.LoginPage  - Starting of enterUserName method
2023-03-10 19:31:53,074 [main] INFO  com.effort.base.BaseAutomationPage  - Starting of implicitWait Method
2023-03-10 19:31:53,077 [main] INFO  com.effort.base.BaseAutomationPage  - Ending of implicitWait Method
2023-03-10 19:31:53,196 [main] INFO  com.effort.base.LoginPage  - Ending of enterUserName method
2023-03-10 19:31:53,196 [main] INFO  com.effort.base.LoginPage  - Starting of clickOnPassword method
2023-03-10 19:31:53,196 [main] INFO  com.effort.base.BaseAutomationPage  - Starting of implicitWait Method
2023-03-10 19:31:53,200 [main] INFO  com.effort.base.BaseAutomationPage  - Ending of implicitWait Method
2023-03-10 19:31:53,354 [main] INFO  com.effort.base.LoginPage  - Ending of clickOnPassword method
2023-03-10 19:31:53,354 [main] INFO  com.effort.base.LoginPage  - Starting of clickOnLoginButton method
2023-03-10 19:31:53,354 [main] INFO  com.effort.base.BaseAutomationPage  - Starting of implicitWait Method
2023-03-10 19:31:53,358 [main] INFO  com.effort.base.BaseAutomationPage  - Ending of implicitWait Method
2023-03-10 19:31:56,203 [main] INFO  com.effort.base.LoginPage  - Ending of clickOnLoginButton method
2023-03-10 19:31:56,203 [main] INFO  com.effort.works.WorkProcessCreation  - Starting of clickOnConfigurator Method
2023-03-10 19:31:57,286 [main] INFO  com.effort.works.WorkProcessCreation  - Ending of clickOnConfigurator Method
2023-03-10 19:31:57,286 [main] INFO  com.effort.nxt.test.works.WorkProcessCreationTest  - Ending of initEffortLogin method in Work Creation process
2023-03-10 19:31:57,289 [main] INFO  com.effort.nxt.test.works.WorkProcessCreationTest  - Starting of the workSpecCreation method
2023-03-10 19:31:57,289 [main] INFO  com.effort.nxt.test.works.WorkProcessCreationTest  - Click on the Process Option Menu bar and creating the process
2023-03-10 19:31:57,289 [main] INFO  com.effort.works.WorkProcessCreation  - Starting of clickOnProcess Method
2023-03-10 19:31:58,524 [main] INFO  com.effort.works.WorkProcessCreation  - Ending of clickOnConfigurator Method
2023-03-10 19:31:58,525 [main] INFO  com.effort.works.WorkProcessCreation  - Starting of clickOnActionProcess Method
2023-03-10 19:31:59,957 [main] INFO  com.effort.works.WorkProcessCreation  - Ending of clickOnActionProcess Method
2023-03-10 19:31:59,957 [main] INFO  com.effort.works.WorkProcessCreation  - Starting of clickOnCreateProcess Method
2023-03-10 19:32:00,245 [main] INFO  com.effort.works.WorkProcessCreation  - Ending of clickOnCreateProcess Method
2023-03-10 19:32:00,245 [main] INFO  com.effort.works.WorkProcessCreation  - Starting of clickOnCreateMyOwnProcess Method
2023-03-10 19:32:01,137 [main] INFO  com.effort.works.WorkProcessCreation  - Ending of clickOnCreateMyOwnProcess Method
2023-03-10 19:32:01,137 [main] INFO  com.effort.works.WorkProcessCreation  - Starting of work title method
2023-03-10 19:32:01,363 [main] INFO  com.effort.works.WorkProcessCreation  - Ending of work title menthod
2023-03-10 19:32:01,364 [main] INFO  com.effort.works.WorkProcessCreation  - Starting of workProcessDiscription method
2023-03-10 19:32:01,639 [main] INFO  com.effort.works.WorkProcessCreation  - Ending of work title menthod
2023-03-10 19:32:01,639 [main] INFO  com.effort.works.WorkProcessCreation  - Starting of clickOnNextBtn Method
2023-03-10 19:32:05,555 [main] INFO  com.effort.works.WorkProcessCreation  - Ending of clickOnNextBtn Method
2023-03-10 19:32:05,555 [main] INFO  com.effort.works.WorkProcessCreation  - Starting of clickOnAddFieldBtn Method
2023-03-10 19:32:05,797 [main] INFO  com.effort.works.WorkProcessCreation  - Ending of clickOnAddFieldBtn Method
2023-03-10 19:32:05,797 [main] INFO  com.effort.works.WorkProcessCreation  - Starting of clickOnFirstAddedField Method
2023-03-10 19:32:06,026 [main] INFO  com.effort.works.WorkProcessCreation  - Ending of clickOnFirstAddedField Method
2023-03-10 19:32:06,026 [main] INFO  com.effort.works.WorkProcessCreation  - Starting of userdefined field fetching method
2023-03-10 19:32:06,026 [main] INFO  com.effort.works.WorkProcessCreation  - Click on the first user defined field
2023-03-10 19:32:06,026 [main] INFO  com.effort.works.WorkProcessCreation  - Capturing the all user defined fields
2023-03-10 19:32:06,061 [main] INFO  com.effort.works.WorkProcessCreation  - Loop Started
2023-03-10 19:32:06,788 [main] INFO  com.effort.works.WorkProcessCreation  - Loop end
2023-03-10 19:32:06,788 [main] INFO  com.effort.works.WorkProcessCreation  - Loop Started
2023-03-10 19:32:07,498 [main] INFO  com.effort.works.WorkProcessCreation  - Loop end
2023-03-10 19:32:07,498 [main] INFO  com.effort.works.WorkProcessCreation  - Loop Started
2023-03-10 19:32:08,219 [main] INFO  com.effort.works.WorkProcessCreation  - Loop end
2023-03-10 19:32:08,219 [main] INFO  com.effort.works.WorkProcessCreation  - Loop Started
2023-03-10 19:32:08,907 [main] INFO  com.effort.works.WorkProcessCreation  - Loop end
2023-03-10 19:32:08,907 [main] INFO  com.effort.works.WorkProcessCreation  - Loop Started
2023-03-10 19:32:09,631 [main] INFO  com.effort.works.WorkProcessCreation  - Loop end
2023-03-10 19:32:09,631 [main] INFO  com.effort.works.WorkProcessCreation  - Loop Started
2023-03-10 19:32:10,355 [main] INFO  com.effort.works.WorkProcessCreation  - Loop end
2023-03-10 19:32:10,355 [main] INFO  com.effort.works.WorkProcessCreation  - Loop Started
2023-03-10 19:32:11,184 [main] INFO  com.effort.works.WorkProcessCreation  - Loop end
2023-03-10 19:32:11,184 [main] INFO  com.effort.works.WorkProcessCreation  - Loop Started
2023-03-10 19:32:11,975 [main] INFO  com.effort.works.WorkProcessCreation  - Loop end
2023-03-10 19:32:11,975 [main] INFO  com.effort.works.WorkProcessCreation  - Loop Started
2023-03-10 19:32:12,012 [main] INFO  com.effort.works.WorkProcessCreation  - Loop Started
2023-03-10 19:32:12,732 [main] INFO  com.effort.works.WorkProcessCreation  - Loop end
2023-03-10 19:32:12,732 [main] INFO  com.effort.works.WorkProcessCreation  - Loop Started
2023-03-10 19:32:12,767 [main] INFO  com.effort.works.WorkProcessCreation  - Loop Started
2023-03-10 19:32:13,513 [main] INFO  com.effort.works.WorkProcessCreation  - Loop end
2023-03-10 19:32:13,514 [main] INFO  com.effort.works.WorkProcessCreation  - Loop Started
2023-03-10 19:32:13,555 [main] INFO  com.effort.works.WorkProcessCreation  - Loop Started
2023-03-10 19:32:14,448 [main] INFO  com.effort.works.WorkProcessCreation  - Loop end
2023-03-10 19:32:14,448 [main] INFO  com.effort.works.WorkProcessCreation  - Loop Started
2023-03-10 19:32:15,308 [main] INFO  com.effort.works.WorkProcessCreation  - Loop end
2023-03-10 19:32:15,308 [main] INFO  com.effort.works.WorkProcessCreation  - Loop Started
2023-03-10 19:32:16,178 [main] INFO  com.effort.works.WorkProcessCreation  - Loop end
2023-03-10 19:32:16,178 [main] INFO  com.effort.works.WorkProcessCreation  - Loop Started
2023-03-10 19:32:17,056 [main] INFO  com.effort.works.WorkProcessCreation  - Loop end
2023-03-10 19:32:17,056 [main] INFO  com.effort.works.WorkProcessCreation  - Loop Started
2023-03-10 19:32:17,970 [main] INFO  com.effort.works.WorkProcessCreation  - Loop end
2023-03-10 19:32:17,970 [main] INFO  com.effort.works.WorkProcessCreation  - Loop Started
2023-03-10 19:32:19,037 [main] INFO  com.effort.works.WorkProcessCreation  - Loop end
2023-03-10 19:32:19,037 [main] INFO  com.effort.works.WorkProcessCreation  - Loop Started
2023-03-10 19:32:20,075 [main] INFO  com.effort.works.WorkProcessCreation  - Loop end
2023-03-10 19:32:20,075 [main] INFO  com.effort.works.WorkProcessCreation  - Loop Started
2023-03-10 19:32:20,108 [main] INFO  com.effort.works.WorkProcessCreation  - Loop Started
2023-03-10 19:32:21,078 [main] INFO  com.effort.works.WorkProcessCreation  - Loop end
2023-03-10 19:32:21,078 [main] INFO  com.effort.works.WorkProcessCreation  - Loop Started
2023-03-10 19:32:21,116 [main] INFO  com.effort.works.WorkProcessCreation  - Loop Started
2023-03-10 19:32:22,176 [main] INFO  com.effort.works.WorkProcessCreation  - Loop end
2023-03-10 19:32:22,176 [main] INFO  com.effort.works.WorkProcessCreation  - Loop Started
2023-03-10 19:32:23,273 [main] INFO  com.effort.works.WorkProcessCreation  - Loop end
2023-03-10 19:32:23,274 [main] INFO  com.effort.works.WorkProcessCreation  - Loop Started
2023-03-10 19:32:24,275 [main] INFO  com.effort.works.WorkProcessCreation  - Loop end
2023-03-10 19:32:24,275 [main] INFO  com.effort.works.WorkProcessCreation  - Loop Started
2023-03-10 19:32:25,522 [main] INFO  com.effort.works.WorkProcessCreation  - Loop end
2023-03-10 19:32:25,522 [main] INFO  com.effort.works.WorkProcessCreation  - Loop Started
2023-03-10 19:32:26,892 [main] INFO  com.effort.works.WorkProcessCreation  - Loop end
2023-03-10 19:32:26,892 [main] INFO  com.effort.works.WorkProcessCreation  - Loop Started
2023-03-10 19:32:28,542 [main] INFO  com.effort.works.WorkProcessCreation  - Loop end
2023-03-10 19:32:28,542 [main] INFO  com.effort.works.WorkProcessCreation  - Loop Started
2023-03-10 19:32:30,236 [main] INFO  com.effort.works.WorkProcessCreation  - Loop end
2023-03-10 19:32:30,236 [main] INFO  com.effort.works.WorkProcessCreation  - Loop Started
2023-03-10 19:32:31,534 [main] INFO  com.effort.works.WorkProcessCreation  - Loop end
2023-03-10 19:32:31,534 [main] INFO  com.effort.works.WorkProcessCreation  - Loop Started
2023-03-10 19:32:32,721 [main] INFO  com.effort.works.WorkProcessCreation  - Loop end
2023-03-10 19:32:32,721 [main] INFO  com.effort.works.WorkProcessCreation  - Loop Started
2023-03-10 19:32:34,074 [main] INFO  com.effort.works.WorkProcessCreation  - Loop end
2023-03-10 19:32:34,075 [main] INFO  com.effort.works.WorkProcessCreation  - Loop Started
2023-03-10 19:32:35,407 [main] INFO  com.effort.works.WorkProcessCreation  - Loop end
2023-03-10 19:32:35,407 [main] INFO  com.effort.works.WorkProcessCreation  - Loop Started
2023-03-10 19:32:36,787 [main] INFO  com.effort.works.WorkProcessCreation  - Loop end
2023-03-10 19:32:36,788 [main] INFO  com.effort.works.WorkProcessCreation  - Loop Started
]]></system-out>
  </testcase>
  <testcase name="validateWorkSpec_In_Web" classname="com.effort.nxt.test.works.WorkProcessCreationTest" time="7.15">
    <system-out><![CDATA[2023-03-10 19:32:52,356 [main] INFO  com.effort.nxt.test.works.WorkProcessCreationTest  - Starting of validateCreateProcess method
]]></system-out>
  </testcase>
  <testcase name="AddWork" classname="com.effort.nxt.test.works.WorkProcessCreationTest" time="0.002">
    <system-out><![CDATA[2023-03-10 19:32:59,513 [main] INFO  com.effort.nxt.test.works.WorkProcessCreationTest  - Starting the add work process
]]></system-out>
  </testcase>
  <testcase name="formSpecCreation" classname="com.effort.test.forms.FormsTest" time="108.272">
    <system-out><![CDATA[2023-03-10 19:32:59,516 [main] INFO  com.effort.nxt.test.works.WorkProcessCreationTest  - Starting of Log-out Method
2023-03-10 19:32:59,516 [main] INFO  com.effort.works.WorkProcessCreation  - Starting of Logout method
2023-03-10 19:32:59,516 [main] INFO  com.effort.base.BaseAutomationPage  - Starting of waitUntilElementVisible method
2023-03-10 19:32:59,543 [main] INFO  com.effort.base.BaseAutomationPage  - Ending of waitUntilElementVisible method
2023-03-10 19:33:10,860 [main] INFO  com.effort.works.WorkProcessCreation  - Ending of Logout method
2023-03-10 19:33:10,860 [main] INFO  com.effort.nxt.test.works.WorkProcessCreationTest  - Ending of log-out Method
2023-03-10 19:33:11,092 [main] INFO  com.effort.test.forms.FormsTest  - starting of initEfforrt Login Method in work creation process
2023-03-10 19:33:11,093 [main] INFO  com.effort.nxt.test.BaseAutomationTest  - Starting of method getWebDriver
2023-03-10 19:33:11,093 [main] DEBUG com.effort.nxt.test.BaseAutomationTest  - Using existing web driver LOGIN_DRIVER
2023-03-10 19:33:12,322 [main] INFO  com.effort.base.LoginPage  - Starting of enterUserName method
2023-03-10 19:33:12,323 [main] INFO  com.effort.base.BaseAutomationPage  - Starting of implicitWait Method
2023-03-10 19:33:12,326 [main] INFO  com.effort.base.BaseAutomationPage  - Ending of implicitWait Method
2023-03-10 19:33:12,599 [main] INFO  com.effort.base.LoginPage  - Ending of enterUserName method
2023-03-10 19:33:12,599 [main] INFO  com.effort.base.LoginPage  - Starting of clickOnPassword method
2023-03-10 19:33:12,599 [main] INFO  com.effort.base.BaseAutomationPage  - Starting of implicitWait Method
2023-03-10 19:33:12,602 [main] INFO  com.effort.base.BaseAutomationPage  - Ending of implicitWait Method
2023-03-10 19:33:12,759 [main] INFO  com.effort.base.LoginPage  - Ending of clickOnPassword method
2023-03-10 19:33:12,759 [main] INFO  com.effort.base.LoginPage  - Starting of clickOnLoginButton method
2023-03-10 19:33:12,759 [main] INFO  com.effort.base.BaseAutomationPage  - Starting of implicitWait Method
2023-03-10 19:33:12,762 [main] INFO  com.effort.base.BaseAutomationPage  - Ending of implicitWait Method
2023-03-10 19:33:15,284 [main] INFO  com.effort.base.LoginPage  - Ending of clickOnLoginButton method
2023-03-10 19:33:15,285 [main] INFO  com.effort.forms.Forms  - Starting of clickOnConfigurator Method
2023-03-10 19:33:16,275 [main] INFO  com.effort.forms.Forms  - Ending of clickOnConfigurator Method
2023-03-10 19:33:16,276 [main] INFO  com.effort.test.forms.FormsTest  - Ending of initEffortLogin method in Work Creation process
2023-03-10 19:33:16,279 [main] INFO  com.effort.test.forms.FormsTest  - Starting of formSpecCreation Method
2023-03-10 19:33:16,279 [main] INFO  com.effort.forms.Forms  - Starting of formsModuleNavBar method
2023-03-10 19:33:18,225 [main] INFO  com.effort.forms.Forms  - End of formsModuleNavBar
2023-03-10 19:33:18,225 [main] INFO  com.effort.forms.Forms  - Starting of Create own form  method
2023-03-10 19:33:18,225 [main] INFO  com.effort.base.BaseAutomationPage  - Starting of waitUntilElementVisible method
2023-03-10 19:33:18,284 [main] INFO  com.effort.base.BaseAutomationPage  - Ending of waitUntilElementVisible method
2023-03-10 19:33:18,410 [main] INFO  com.effort.base.BaseAutomationPage  - Starting of waitUntilElementVisible method
2023-03-10 19:33:18,467 [main] INFO  com.effort.base.BaseAutomationPage  - Ending of waitUntilElementVisible method
2023-03-10 19:33:21,257 [main] INFO  com.effort.forms.Forms  - End of create form
2023-03-10 19:33:21,257 [main] INFO  com.effort.forms.Forms  - Starting of formsModuleNavBar method
2023-03-10 19:33:21,257 [main] INFO  com.effort.base.BaseAutomationPage  - Starting of waitUntilElementVisible method
2023-03-10 19:33:21,305 [main] INFO  com.effort.base.BaseAutomationPage  - Ending of waitUntilElementVisible method
2023-03-10 19:33:21,461 [main] INFO  com.effort.base.BaseAutomationPage  - Starting of waitUntilElementVisible method
2023-03-10 19:33:21,491 [main] INFO  com.effort.base.BaseAutomationPage  - Ending of waitUntilElementVisible method
2023-03-10 19:33:21,646 [main] INFO  com.effort.forms.Forms  - Starting of select all fields method
2023-03-10 19:33:21,714 [main] INFO  com.effort.base.BaseAutomationPage  - Starting of waitUntilElementVisible method
2023-03-10 19:33:21,740 [main] INFO  com.effort.base.BaseAutomationPage  - Ending of waitUntilElementVisible method
2023-03-10 19:33:21,746 [main] INFO  com.effort.base.BaseAutomationPage  - Starting of waitUntilElementVisible method
2023-03-10 19:33:21,780 [main] INFO  com.effort.base.BaseAutomationPage  - Ending of waitUntilElementVisible method
2023-03-10 19:33:22,123 [main] INFO  com.effort.base.BaseAutomationPage  - Starting of scrollDown method
2023-03-10 19:33:22,146 [main] INFO  com.effort.base.BaseAutomationPage  - Ending of scrollDown method
2023-03-10 19:33:24,237 [main] INFO  com.effort.base.BaseAutomationPage  - Starting of waitUntilElementVisible method
2023-03-10 19:33:24,254 [main] INFO  com.effort.base.BaseAutomationPage  - Ending of waitUntilElementVisible method
2023-03-10 19:33:24,254 [main] INFO  com.effort.base.BaseAutomationPage  - Starting of waitUntilElementVisible method
2023-03-10 19:33:24,284 [main] INFO  com.effort.base.BaseAutomationPage  - Ending of waitUntilElementVisible method
2023-03-10 19:33:24,627 [main] INFO  com.effort.base.BaseAutomationPage  - Starting of scrollDown method
2023-03-10 19:33:24,646 [main] INFO  com.effort.base.BaseAutomationPage  - Ending of scrollDown method
2023-03-10 19:33:26,756 [main] INFO  com.effort.base.BaseAutomationPage  - Starting of waitUntilElementVisible method
2023-03-10 19:33:26,781 [main] INFO  com.effort.base.BaseAutomationPage  - Ending of waitUntilElementVisible method
2023-03-10 19:33:26,781 [main] INFO  com.effort.base.BaseAutomationPage  - Starting of waitUntilElementVisible method
2023-03-10 19:33:26,818 [main] INFO  com.effort.base.BaseAutomationPage  - Ending of waitUntilElementVisible method
2023-03-10 19:33:27,151 [main] INFO  com.effort.base.BaseAutomationPage  - Starting of scrollDown method
2023-03-10 19:33:27,193 [main] INFO  com.effort.base.BaseAutomationPage  - Ending of scrollDown method
2023-03-10 19:33:29,297 [main] INFO  com.effort.base.BaseAutomationPage  - Starting of waitUntilElementVisible method
2023-03-10 19:33:29,334 [main] INFO  com.effort.base.BaseAutomationPage  - Ending of waitUntilElementVisible method
2023-03-10 19:33:29,335 [main] INFO  com.effort.base.BaseAutomationPage  - Starting of waitUntilElementVisible method
2023-03-10 19:33:29,393 [main] INFO  com.effort.base.BaseAutomationPage  - Ending of waitUntilElementVisible method
2023-03-10 19:33:29,747 [main] INFO  com.effort.base.BaseAutomationPage  - Starting of scrollDown method
2023-03-10 19:33:29,771 [main] INFO  com.effort.base.BaseAutomationPage  - Ending of scrollDown method
2023-03-10 19:33:31,876 [main] INFO  com.effort.base.BaseAutomationPage  - Starting of waitUntilElementVisible method
2023-03-10 19:33:31,909 [main] INFO  com.effort.base.BaseAutomationPage  - Ending of waitUntilElementVisible method
2023-03-10 19:33:31,910 [main] INFO  com.effort.base.BaseAutomationPage  - Starting of waitUntilElementVisible method
2023-03-10 19:33:31,950 [main] INFO  com.effort.base.BaseAutomationPage  - Ending of waitUntilElementVisible method
2023-03-10 19:33:32,289 [main] INFO  com.effort.base.BaseAutomationPage  - Starting of scrollDown method
2023-03-10 19:33:32,318 [main] INFO  com.effort.base.BaseAutomationPage  - Ending of scrollDown method
2023-03-10 19:33:34,391 [main] INFO  com.effort.base.BaseAutomationPage  - Starting of waitUntilElementVisible method
2023-03-10 19:33:34,420 [main] INFO  com.effort.base.BaseAutomationPage  - Ending of waitUntilElementVisible method
2023-03-10 19:33:34,421 [main] INFO  com.effort.base.BaseAutomationPage  - Starting of waitUntilElementVisible method
2023-03-10 19:33:34,461 [main] INFO  com.effort.base.BaseAutomationPage  - Ending of waitUntilElementVisible method
2023-03-10 19:33:34,786 [main] INFO  com.effort.base.BaseAutomationPage  - Starting of scrollDown method
2023-03-10 19:33:34,803 [main] INFO  com.effort.base.BaseAutomationPage  - Ending of scrollDown method
2023-03-10 19:33:36,892 [main] INFO  com.effort.base.BaseAutomationPage  - Starting of waitUntilElementVisible method
2023-03-10 19:33:36,921 [main] INFO  com.effort.base.BaseAutomationPage  - Ending of waitUntilElementVisible method
2023-03-10 19:33:36,921 [main] INFO  com.effort.base.BaseAutomationPage  - Starting of waitUntilElementVisible method
2023-03-10 19:33:36,961 [main] INFO  com.effort.base.BaseAutomationPage  - Ending of waitUntilElementVisible method
2023-03-10 19:33:37,262 [main] INFO  com.effort.base.BaseAutomationPage  - Starting of scrollDown method
2023-03-10 19:33:37,283 [main] INFO  com.effort.base.BaseAutomationPage  - Ending of scrollDown method
2023-03-10 19:33:39,374 [main] INFO  com.effort.base.BaseAutomationPage  - Starting of waitUntilElementVisible method
2023-03-10 19:33:39,404 [main] INFO  com.effort.base.BaseAutomationPage  - Ending of waitUntilElementVisible method
2023-03-10 19:33:39,404 [main] INFO  com.effort.base.BaseAutomationPage  - Starting of waitUntilElementVisible method
2023-03-10 19:33:39,443 [main] INFO  com.effort.base.BaseAutomationPage  - Ending of waitUntilElementVisible method
2023-03-10 19:33:39,801 [main] INFO  com.effort.base.BaseAutomationPage  - Starting of scrollDown method
2023-03-10 19:33:39,825 [main] INFO  com.effort.base.BaseAutomationPage  - Ending of scrollDown method
2023-03-10 19:33:41,926 [main] INFO  com.effort.base.BaseAutomationPage  - Starting of waitUntilElementVisible method
2023-03-10 19:33:41,951 [main] INFO  com.effort.base.BaseAutomationPage  - Ending of waitUntilElementVisible method
2023-03-10 19:33:41,951 [main] INFO  com.effort.base.BaseAutomationPage  - Starting of waitUntilElementVisible method
2023-03-10 19:33:41,990 [main] INFO  com.effort.base.BaseAutomationPage  - Ending of waitUntilElementVisible method
2023-03-10 19:33:42,319 [main] INFO  com.effort.base.BaseAutomationPage  - Starting of scrollDown method
2023-03-10 19:33:42,337 [main] INFO  com.effort.base.BaseAutomationPage  - Ending of scrollDown method
2023-03-10 19:33:44,429 [main] INFO  com.effort.base.BaseAutomationPage  - Starting of waitUntilElementVisible method
2023-03-10 19:33:44,455 [main] INFO  com.effort.base.BaseAutomationPage  - Ending of waitUntilElementVisible method
2023-03-10 19:33:44,456 [main] INFO  com.effort.base.BaseAutomationPage  - Starting of waitUntilElementVisible method
2023-03-10 19:33:44,501 [main] INFO  com.effort.base.BaseAutomationPage  - Ending of waitUntilElementVisible method
2023-03-10 19:33:44,848 [main] INFO  com.effort.base.BaseAutomationPage  - Starting of scrollDown method
2023-03-10 19:33:44,881 [main] INFO  com.effort.base.BaseAutomationPage  - Ending of scrollDown method
2023-03-10 19:33:46,979 [main] INFO  com.effort.base.BaseAutomationPage  - Starting of waitUntilElementVisible method
2023-03-10 19:33:47,002 [main] INFO  com.effort.base.BaseAutomationPage  - Ending of waitUntilElementVisible method
2023-03-10 19:33:47,003 [main] INFO  com.effort.base.BaseAutomationPage  - Starting of waitUntilElementVisible method
2023-03-10 19:33:47,040 [main] INFO  com.effort.base.BaseAutomationPage  - Ending of waitUntilElementVisible method
2023-03-10 19:33:47,392 [main] INFO  com.effort.base.BaseAutomationPage  - Starting of scrollDown method
2023-03-10 19:33:47,422 [main] INFO  com.effort.base.BaseAutomationPage  - Ending of scrollDown method
2023-03-10 19:33:49,552 [main] INFO  com.effort.base.BaseAutomationPage  - Starting of waitUntilElementVisible method
2023-03-10 19:33:49,576 [main] INFO  com.effort.base.BaseAutomationPage  - Ending of waitUntilElementVisible method
2023-03-10 19:33:49,576 [main] INFO  com.effort.base.BaseAutomationPage  - Starting of waitUntilElementVisible method
2023-03-10 19:33:49,614 [main] INFO  com.effort.base.BaseAutomationPage  - Ending of waitUntilElementVisible method
2023-03-10 19:33:49,942 [main] INFO  com.effort.base.BaseAutomationPage  - Starting of scrollDown method
2023-03-10 19:33:49,961 [main] INFO  com.effort.base.BaseAutomationPage  - Ending of scrollDown method
2023-03-10 19:33:52,051 [main] INFO  com.effort.base.BaseAutomationPage  - Starting of waitUntilElementVisible method
2023-03-10 19:33:52,075 [main] INFO  com.effort.base.BaseAutomationPage  - Ending of waitUntilElementVisible method
2023-03-10 19:33:52,075 [main] INFO  com.effort.base.BaseAutomationPage  - Starting of waitUntilElementVisible method
2023-03-10 19:33:52,109 [main] INFO  com.effort.base.BaseAutomationPage  - Ending of waitUntilElementVisible method
2023-03-10 19:33:52,450 [main] INFO  com.effort.base.BaseAutomationPage  - Starting of scrollDown method
2023-03-10 19:33:52,469 [main] INFO  com.effort.base.BaseAutomationPage  - Ending of scrollDown method
2023-03-10 19:33:54,600 [main] INFO  com.effort.base.BaseAutomationPage  - Starting of waitUntilElementVisible method
2023-03-10 19:33:54,632 [main] INFO  com.effort.base.BaseAutomationPage  - Ending of waitUntilElementVisible method
2023-03-10 19:33:54,633 [main] INFO  com.effort.base.BaseAutomationPage  - Starting of waitUntilElementVisible method
2023-03-10 19:33:54,667 [main] INFO  com.effort.base.BaseAutomationPage  - Ending of waitUntilElementVisible method
2023-03-10 19:33:55,031 [main] INFO  com.effort.base.BaseAutomationPage  - Starting of scrollDown method
2023-03-10 19:33:55,070 [main] INFO  com.effort.base.BaseAutomationPage  - Ending of scrollDown method
2023-03-10 19:33:57,136 [main] INFO  com.effort.base.BaseAutomationPage  - Starting of waitUntilElementVisible method
2023-03-10 19:33:57,163 [main] INFO  com.effort.base.BaseAutomationPage  - Ending of waitUntilElementVisible method
2023-03-10 19:33:57,163 [main] INFO  com.effort.base.BaseAutomationPage  - Starting of waitUntilElementVisible method
2023-03-10 19:33:57,198 [main] INFO  com.effort.base.BaseAutomationPage  - Ending of waitUntilElementVisible method
2023-03-10 19:33:57,560 [main] INFO  com.effort.base.BaseAutomationPage  - Starting of scrollDown method
2023-03-10 19:33:57,602 [main] INFO  com.effort.base.BaseAutomationPage  - Ending of scrollDown method
2023-03-10 19:33:59,775 [main] INFO  com.effort.base.BaseAutomationPage  - Starting of waitUntilElementVisible method
2023-03-10 19:33:59,828 [main] INFO  com.effort.base.BaseAutomationPage  - Ending of waitUntilElementVisible method
2023-03-10 19:33:59,829 [main] INFO  com.effort.base.BaseAutomationPage  - Starting of waitUntilElementVisible method
2023-03-10 19:33:59,885 [main] INFO  com.effort.base.BaseAutomationPage  - Ending of waitUntilElementVisible method
2023-03-10 19:34:00,202 [main] INFO  com.effort.base.BaseAutomationPage  - Starting of scrollDown method
2023-03-10 19:34:00,220 [main] INFO  com.effort.base.BaseAutomationPage  - Ending of scrollDown method
2023-03-10 19:34:02,306 [main] INFO  com.effort.base.BaseAutomationPage  - Starting of waitUntilElementVisible method
2023-03-10 19:34:02,334 [main] INFO  com.effort.base.BaseAutomationPage  - Ending of waitUntilElementVisible method
2023-03-10 19:34:02,334 [main] INFO  com.effort.base.BaseAutomationPage  - Starting of waitUntilElementVisible method
2023-03-10 19:34:02,378 [main] INFO  com.effort.base.BaseAutomationPage  - Ending of waitUntilElementVisible method
2023-03-10 19:34:02,727 [main] INFO  com.effort.base.BaseAutomationPage  - Starting of scrollDown method
2023-03-10 19:34:02,788 [main] INFO  com.effort.base.BaseAutomationPage  - Ending of scrollDown method
2023-03-10 19:34:04,913 [main] INFO  com.effort.base.BaseAutomationPage  - Starting of waitUntilElementVisible method
2023-03-10 19:34:04,938 [main] INFO  com.effort.base.BaseAutomationPage  - Ending of waitUntilElementVisible method
2023-03-10 19:34:04,938 [main] INFO  com.effort.base.BaseAutomationPage  - Starting of waitUntilElementVisible method
2023-03-10 19:34:04,979 [main] INFO  com.effort.base.BaseAutomationPage  - Ending of waitUntilElementVisible method
2023-03-10 19:34:05,350 [main] INFO  com.effort.base.BaseAutomationPage  - Starting of scrollDown method
2023-03-10 19:34:05,395 [main] INFO  com.effort.base.BaseAutomationPage  - Ending of scrollDown method
2023-03-10 19:34:07,488 [main] INFO  com.effort.base.BaseAutomationPage  - Starting of waitUntilElementVisible method
2023-03-10 19:34:07,513 [main] INFO  com.effort.base.BaseAutomationPage  - Ending of waitUntilElementVisible method
2023-03-10 19:34:07,513 [main] INFO  com.effort.base.BaseAutomationPage  - Starting of waitUntilElementVisible method
2023-03-10 19:34:07,553 [main] INFO  com.effort.base.BaseAutomationPage  - Ending of waitUntilElementVisible method
2023-03-10 19:34:07,952 [main] INFO  com.effort.base.BaseAutomationPage  - Starting of scrollDown method
2023-03-10 19:34:07,978 [main] INFO  com.effort.base.BaseAutomationPage  - Ending of scrollDown method
2023-03-10 19:34:10,091 [main] INFO  com.effort.base.BaseAutomationPage  - Starting of waitUntilElementVisible method
2023-03-10 19:34:10,108 [main] INFO  com.effort.base.BaseAutomationPage  - Ending of waitUntilElementVisible method
2023-03-10 19:34:10,108 [main] INFO  com.effort.base.BaseAutomationPage  - Starting of waitUntilElementVisible method
2023-03-10 19:34:10,147 [main] INFO  com.effort.base.BaseAutomationPage  - Ending of waitUntilElementVisible method
2023-03-10 19:34:10,496 [main] INFO  com.effort.base.BaseAutomationPage  - Starting of scrollDown method
2023-03-10 19:34:10,542 [main] INFO  com.effort.base.BaseAutomationPage  - Ending of scrollDown method
2023-03-10 19:34:12,682 [main] INFO  com.effort.base.BaseAutomationPage  - Starting of waitUntilElementVisible method
2023-03-10 19:34:12,700 [main] INFO  com.effort.base.BaseAutomationPage  - Ending of waitUntilElementVisible method
2023-03-10 19:34:12,700 [main] INFO  com.effort.base.BaseAutomationPage  - Starting of waitUntilElementVisible method
2023-03-10 19:34:12,731 [main] INFO  com.effort.base.BaseAutomationPage  - Ending of waitUntilElementVisible method
2023-03-10 19:34:13,069 [main] INFO  com.effort.base.BaseAutomationPage  - Starting of scrollDown method
2023-03-10 19:34:13,088 [main] INFO  com.effort.base.BaseAutomationPage  - Ending of scrollDown method
2023-03-10 19:34:15,187 [main] INFO  com.effort.base.BaseAutomationPage  - Starting of waitUntilElementVisible method
2023-03-10 19:34:15,210 [main] INFO  com.effort.base.BaseAutomationPage  - Ending of waitUntilElementVisible method
2023-03-10 19:34:15,211 [main] INFO  com.effort.base.BaseAutomationPage  - Starting of waitUntilElementVisible method
2023-03-10 19:34:15,239 [main] INFO  com.effort.base.BaseAutomationPage  - Ending of waitUntilElementVisible method
2023-03-10 19:34:15,556 [main] INFO  com.effort.base.BaseAutomationPage  - Starting of scrollDown method
2023-03-10 19:34:15,579 [main] INFO  com.effort.base.BaseAutomationPage  - Ending of scrollDown method
2023-03-10 19:34:17,678 [main] INFO  com.effort.base.BaseAutomationPage  - Starting of waitUntilElementVisible method
2023-03-10 19:34:17,699 [main] INFO  com.effort.base.BaseAutomationPage  - Ending of waitUntilElementVisible method
2023-03-10 19:34:17,699 [main] INFO  com.effort.base.BaseAutomationPage  - Starting of waitUntilElementVisible method
2023-03-10 19:34:17,734 [main] INFO  com.effort.base.BaseAutomationPage  - Ending of waitUntilElementVisible method
2023-03-10 19:34:18,130 [main] INFO  com.effort.base.BaseAutomationPage  - Starting of scrollDown method
2023-03-10 19:34:18,156 [main] INFO  com.effort.base.BaseAutomationPage  - Ending of scrollDown method
2023-03-10 19:34:20,266 [main] INFO  com.effort.base.BaseAutomationPage  - Starting of waitUntilElementVisible method
2023-03-10 19:34:20,292 [main] INFO  com.effort.base.BaseAutomationPage  - Ending of waitUntilElementVisible method
2023-03-10 19:34:20,292 [main] INFO  com.effort.base.BaseAutomationPage  - Starting of waitUntilElementVisible method
2023-03-10 19:34:20,328 [main] INFO  com.effort.base.BaseAutomationPage  - Ending of waitUntilElementVisible method
2023-03-10 19:34:20,713 [main] INFO  com.effort.base.BaseAutomationPage  - Starting of scrollDown method
2023-03-10 19:34:20,750 [main] INFO  com.effort.base.BaseAutomationPage  - Ending of scrollDown method
2023-03-10 19:34:22,851 [main] INFO  com.effort.base.BaseAutomationPage  - Starting of waitUntilElementVisible method
2023-03-10 19:34:22,880 [main] INFO  com.effort.base.BaseAutomationPage  - Ending of waitUntilElementVisible method
2023-03-10 19:34:22,881 [main] INFO  com.effort.base.BaseAutomationPage  - Starting of waitUntilElementVisible method
2023-03-10 19:34:22,925 [main] INFO  com.effort.base.BaseAutomationPage  - Ending of waitUntilElementVisible method
2023-03-10 19:34:23,277 [main] INFO  com.effort.base.BaseAutomationPage  - Starting of scrollDown method
2023-03-10 19:34:23,298 [main] INFO  com.effort.base.BaseAutomationPage  - Ending of scrollDown method
2023-03-10 19:34:25,424 [main] INFO  com.effort.base.BaseAutomationPage  - Starting of waitUntilElementVisible method
2023-03-10 19:34:25,454 [main] INFO  com.effort.base.BaseAutomationPage  - Ending of waitUntilElementVisible method
2023-03-10 19:34:25,455 [main] INFO  com.effort.base.BaseAutomationPage  - Starting of waitUntilElementVisible method
2023-03-10 19:34:25,497 [main] INFO  com.effort.base.BaseAutomationPage  - Ending of waitUntilElementVisible method
2023-03-10 19:34:25,886 [main] INFO  com.effort.base.BaseAutomationPage  - Starting of scrollDown method
2023-03-10 19:34:25,923 [main] INFO  com.effort.base.BaseAutomationPage  - Ending of scrollDown method
2023-03-10 19:34:28,031 [main] INFO  com.effort.base.BaseAutomationPage  - Starting of waitUntilElementVisible method
2023-03-10 19:34:28,062 [main] INFO  com.effort.base.BaseAutomationPage  - Ending of waitUntilElementVisible method
2023-03-10 19:34:28,062 [main] INFO  com.effort.base.BaseAutomationPage  - Starting of waitUntilElementVisible method
2023-03-10 19:34:28,103 [main] INFO  com.effort.base.BaseAutomationPage  - Ending of waitUntilElementVisible method
2023-03-10 19:34:28,492 [main] INFO  com.effort.base.BaseAutomationPage  - Starting of scrollDown method
2023-03-10 19:34:28,532 [main] INFO  com.effort.base.BaseAutomationPage  - Ending of scrollDown method
2023-03-10 19:34:30,648 [main] INFO  com.effort.base.BaseAutomationPage  - Starting of waitUntilElementVisible method
2023-03-10 19:34:30,678 [main] INFO  com.effort.base.BaseAutomationPage  - Ending of waitUntilElementVisible method
2023-03-10 19:34:30,678 [main] INFO  com.effort.base.BaseAutomationPage  - Starting of waitUntilElementVisible method
2023-03-10 19:34:30,725 [main] INFO  com.effort.base.BaseAutomationPage  - Ending of waitUntilElementVisible method
2023-03-10 19:34:31,095 [main] INFO  com.effort.base.BaseAutomationPage  - Starting of scrollDown method
2023-03-10 19:34:31,137 [main] INFO  com.effort.base.BaseAutomationPage  - Ending of scrollDown method
2023-03-10 19:34:33,241 [main] INFO  com.effort.base.BaseAutomationPage  - Starting of waitUntilElementVisible method
2023-03-10 19:34:33,265 [main] INFO  com.effort.base.BaseAutomationPage  - Ending of waitUntilElementVisible method
2023-03-10 19:34:33,265 [main] INFO  com.effort.base.BaseAutomationPage  - Starting of waitUntilElementVisible method
2023-03-10 19:34:33,304 [main] INFO  com.effort.base.BaseAutomationPage  - Ending of waitUntilElementVisible method
2023-03-10 19:34:33,660 [main] INFO  com.effort.base.BaseAutomationPage  - Starting of scrollDown method
2023-03-10 19:34:33,691 [main] INFO  com.effort.base.BaseAutomationPage  - Ending of scrollDown method
2023-03-10 19:34:36,015 [main] INFO  com.effort.base.BaseAutomationPage  - Starting of waitUntilElementVisible method
2023-03-10 19:34:36,039 [main] INFO  com.effort.base.BaseAutomationPage  - Ending of waitUntilElementVisible method
2023-03-10 19:34:36,040 [main] INFO  com.effort.base.BaseAutomationPage  - Starting of waitUntilElementVisible method
2023-03-10 19:34:36,081 [main] INFO  com.effort.base.BaseAutomationPage  - Ending of waitUntilElementVisible method
2023-03-10 19:34:36,428 [main] INFO  com.effort.base.BaseAutomationPage  - Starting of scrollDown method
2023-03-10 19:34:36,456 [main] INFO  com.effort.base.BaseAutomationPage  - Ending of scrollDown method
2023-03-10 19:34:38,570 [main] INFO  com.effort.base.BaseAutomationPage  - Starting of waitUntilElementVisible method
2023-03-10 19:34:38,596 [main] INFO  com.effort.base.BaseAutomationPage  - Ending of waitUntilElementVisible method
2023-03-10 19:34:38,596 [main] INFO  com.effort.base.BaseAutomationPage  - Starting of waitUntilElementVisible method
2023-03-10 19:34:38,641 [main] INFO  com.effort.base.BaseAutomationPage  - Ending of waitUntilElementVisible method
2023-03-10 19:34:38,988 [main] INFO  com.effort.base.BaseAutomationPage  - Starting of scrollDown method
2023-03-10 19:34:39,015 [main] INFO  com.effort.base.BaseAutomationPage  - Ending of scrollDown method
2023-03-10 19:34:41,269 [main] INFO  com.effort.base.BaseAutomationPage  - Starting of waitUntilElementVisible method
2023-03-10 19:34:41,293 [main] INFO  com.effort.base.BaseAutomationPage  - Ending of waitUntilElementVisible method
2023-03-10 19:34:41,294 [main] INFO  com.effort.base.BaseAutomationPage  - Starting of waitUntilElementVisible method
2023-03-10 19:34:41,337 [main] INFO  com.effort.base.BaseAutomationPage  - Ending of waitUntilElementVisible method
2023-03-10 19:34:52,786 [main] INFO  com.effort.base.BaseAutomationPage  - Starting of scrollDown method
2023-03-10 19:34:52,814 [main] INFO  com.effort.base.BaseAutomationPage  - Ending of scrollDown method
2023-03-10 19:34:55,028 [main] INFO  com.effort.base.BaseAutomationPage  - Starting of waitUntilElementVisible method
2023-03-10 19:34:55,048 [main] INFO  com.effort.base.BaseAutomationPage  - Ending of waitUntilElementVisible method
2023-03-10 19:34:55,048 [main] INFO  com.effort.base.BaseAutomationPage  - Starting of waitUntilElementVisible method
2023-03-10 19:34:55,090 [main] INFO  com.effort.base.BaseAutomationPage  - Ending of waitUntilElementVisible method
2023-03-10 19:34:55,454 [main] INFO  com.effort.base.BaseAutomationPage  - Starting of scrollDown method
2023-03-10 19:34:55,494 [main] INFO  com.effort.base.BaseAutomationPage  - Ending of scrollDown method
2023-03-10 19:34:57,617 [main] INFO  com.effort.base.BaseAutomationPage  - Starting of waitUntilElementVisible method
2023-03-10 19:34:57,635 [main] INFO  com.effort.base.BaseAutomationPage  - Ending of waitUntilElementVisible method
2023-03-10 19:34:57,635 [main] INFO  com.effort.base.BaseAutomationPage  - Starting of waitUntilElementVisible method
2023-03-10 19:34:57,670 [main] INFO  com.effort.base.BaseAutomationPage  - Ending of waitUntilElementVisible method
2023-03-10 19:34:58,037 [main] INFO  com.effort.base.BaseAutomationPage  - Starting of scrollDown method
2023-03-10 19:34:58,067 [main] INFO  com.effort.base.BaseAutomationPage  - Ending of scrollDown method
2023-03-10 19:35:00,625 [main] INFO  com.effort.base.BaseAutomationPage  - Starting of waitUntilElementVisible method
2023-03-10 19:35:00,653 [main] INFO  com.effort.base.BaseAutomationPage  - Ending of waitUntilElementVisible method
2023-03-10 19:35:00,654 [main] INFO  com.effort.base.BaseAutomationPage  - Starting of waitUntilElementVisible method
2023-03-10 19:35:00,698 [main] INFO  com.effort.base.BaseAutomationPage  - Ending of waitUntilElementVisible method
2023-03-10 19:35:01,073 [main] INFO  com.effort.base.BaseAutomationPage  - Starting of scrollDown method
2023-03-10 19:35:01,112 [main] INFO  com.effort.base.BaseAutomationPage  - Ending of scrollDown method
2023-03-10 19:35:03,163 [main] INFO  com.effort.base.BaseAutomationPage  - Starting of waitUntilElementVisible method
2023-03-10 19:35:03,207 [main] INFO  com.effort.base.BaseAutomationPage  - Ending of waitUntilElementVisible method
2023-03-10 19:35:03,324 [main] INFO  com.effort.base.BaseAutomationPage  - Starting of waitUntilElementVisible method
2023-03-10 19:35:03,922 [main] INFO  com.effort.base.BaseAutomationPage  - Ending of waitUntilElementVisible method
2023-03-10 19:35:04,009 [main] INFO  com.effort.base.BaseAutomationPage  - Starting of waitUntilConfiramtionAlert method
2023-03-10 19:35:04,520 [main] INFO  com.effort.base.BaseAutomationPage  - Ending of waitUntilConfiramtionAlert method
2023-03-10 19:35:04,528 [main] INFO  com.effort.forms.Forms  - Ending of form spec creation
]]></system-out>
  </testcase>
  <testcase name="validateFromSpec_In_WebApp" classname="com.effort.test.forms.FormsTest" time="28.517">
    <system-out><![CDATA[2023-03-10 19:35:04,544 [main] INFO  com.effort.test.forms.FormsTest  - Starting of validateFromSpec Method
2023-03-10 19:35:04,544 [main] INFO  com.effort.base.BaseAutomationPage  - Starting of waitUntilElementVisible method
2023-03-10 19:35:17,436 [main] INFO  com.effort.base.BaseAutomationPage  - Ending of waitUntilElementVisible method
2023-03-10 19:35:19,079 [main] INFO  com.effort.base.BaseAutomationPage  - Starting of waitUntilElementVisible method
2023-03-10 19:35:19,111 [main] INFO  com.effort.base.BaseAutomationPage  - Ending of waitUntilElementVisible method
2023-03-10 19:35:19,172 [main] INFO  com.effort.base.BaseAutomationPage  - Starting of waitUntilElementVisible method
2023-03-10 19:35:19,210 [main] INFO  com.effort.base.BaseAutomationPage  - Ending of waitUntilElementVisible method
2023-03-10 19:35:22,727 [main] INFO  com.effort.base.BaseAutomationPage  - Starting of waitUntilElementVisible method
2023-03-10 19:35:22,822 [main] INFO  com.effort.base.BaseAutomationPage  - Ending of waitUntilElementVisible method
2023-03-10 19:35:23,762 [main] INFO  com.effort.base.BaseAutomationPage  - Starting of waitUntilElementVisible method
2023-03-10 19:35:23,821 [main] INFO  com.effort.base.BaseAutomationPage  - Ending of waitUntilElementVisible method
2023-03-10 19:35:32,936 [main] INFO  com.effort.base.BaseAutomationPage  - Starting of waitUntilElementVisible method
2023-03-10 19:35:33,032 [main] INFO  com.effort.base.BaseAutomationPage  - Ending of waitUntilElementVisible method
2023-03-10 19:35:33,064 [main] INFO  com.effort.test.forms.FormsTest  - Ending of validateFromSpec Method
]]></system-out>
  </testcase>
  <testcase name="submitForm" classname="com.effort.test.forms.FormSubmissionTest" time="31.034">
    <system-out><![CDATA[2023-03-10 19:35:33,070 [main] INFO  com.effort.test.forms.FormsTest  - Starting of Log-out Method
2023-03-10 19:35:33,070 [main] INFO  com.effort.forms.Forms  - Starting of Logout method
2023-03-10 19:35:33,070 [main] INFO  com.effort.base.BaseAutomationPage  - Starting of waitUntilElementVisible method
2023-03-10 19:35:33,157 [main] INFO  com.effort.base.BaseAutomationPage  - Ending of waitUntilElementVisible method
2023-03-10 19:35:35,391 [main] INFO  com.effort.forms.Forms  - Ending of Logout method
2023-03-10 19:35:35,391 [main] INFO  com.effort.test.forms.FormsTest  - Ending of log-out Method
2023-03-10 19:35:35,392 [main] INFO  com.effort.test.forms.FormSubmissionTest  - starting of initEfforrt Login Method in Form Submission Class
2023-03-10 19:35:35,392 [main] INFO  com.effort.nxt.test.BaseAutomationTest  - Starting of method getWebDriver
2023-03-10 19:35:35,392 [main] DEBUG com.effort.nxt.test.BaseAutomationTest  - Using existing web driver LOGIN_DRIVER
2023-03-10 19:35:37,490 [main] INFO  com.effort.base.LoginPage  - Starting of enterUserName method
2023-03-10 19:35:37,490 [main] INFO  com.effort.base.BaseAutomationPage  - Starting of implicitWait Method
2023-03-10 19:35:37,493 [main] INFO  com.effort.base.BaseAutomationPage  - Ending of implicitWait Method
2023-03-10 19:35:37,736 [main] INFO  com.effort.base.LoginPage  - Ending of enterUserName method
2023-03-10 19:35:37,736 [main] INFO  com.effort.base.LoginPage  - Starting of clickOnPassword method
2023-03-10 19:35:37,736 [main] INFO  com.effort.base.BaseAutomationPage  - Starting of implicitWait Method
2023-03-10 19:35:37,739 [main] INFO  com.effort.base.BaseAutomationPage  - Ending of implicitWait Method
2023-03-10 19:35:37,886 [main] INFO  com.effort.base.LoginPage  - Ending of clickOnPassword method
2023-03-10 19:35:37,886 [main] INFO  com.effort.base.LoginPage  - Starting of clickOnLoginButton method
2023-03-10 19:35:37,886 [main] INFO  com.effort.base.BaseAutomationPage  - Starting of implicitWait Method
2023-03-10 19:35:37,889 [main] INFO  com.effort.base.BaseAutomationPage  - Ending of implicitWait Method
2023-03-10 19:35:41,763 [main] INFO  com.effort.base.LoginPage  - Ending of clickOnLoginButton method
2023-03-10 19:35:41,763 [main] INFO  com.effort.test.forms.FormSubmissionTest  - Ending of initEffortLogin method in Form Submission Class
2023-03-10 19:35:41,768 [main] INFO  com.effort.test.forms.FormSubmissionTest  - Starting of form submit method
2023-03-10 19:35:41,768 [main] INFO  com.effort.forms.FormSubmission  - Starting of clickWebApp method
2023-03-10 19:35:41,768 [main] INFO  com.effort.base.BaseAutomationPage  - Starting of waitUntilElementVisible method
2023-03-10 19:35:41,817 [main] INFO  com.effort.base.BaseAutomationPage  - Ending of waitUntilElementVisible method
2023-03-10 19:35:44,158 [main] INFO  com.effort.forms.FormSubmission  - Ending of clickWebApp method
2023-03-10 19:35:44,158 [main] INFO  com.effort.forms.FormSubmission  - Starting of clickOnForms method
2023-03-10 19:35:44,158 [main] INFO  com.effort.base.BaseAutomationPage  - Starting of waitUntilElementVisible method
2023-03-10 19:35:44,272 [main] INFO  com.effort.base.BaseAutomationPage  - Ending of waitUntilElementVisible method
2023-03-10 19:35:46,039 [main] INFO  com.effort.forms.FormSubmission  - Starting of clickOnForms method
2023-03-10 19:35:46,039 [main] INFO  com.effort.forms.FormSubmission  - Starting of send form name method
2023-03-10 19:35:46,039 [main] INFO  com.effort.base.BaseAutomationPage  - Starting of waitUntilElementVisible method
2023-03-10 19:35:46,088 [main] INFO  com.effort.base.BaseAutomationPage  - Ending of waitUntilElementVisible method
2023-03-10 19:35:46,696 [main] INFO  com.effort.forms.FormSubmission  - ending the send form name method
2023-03-10 19:35:46,696 [main] INFO  com.effort.forms.FormSubmission  - Starting of click on form name method
2023-03-10 19:35:46,696 [main] INFO  com.effort.base.BaseAutomationPage  - Starting of waitUntilElementVisible method
2023-03-10 19:35:46,734 [main] INFO  com.effort.base.BaseAutomationPage  - Ending of waitUntilElementVisible method
2023-03-10 19:35:57,700 [main] INFO  com.effort.forms.FormSubmission  - Ending of click on form name method
2023-03-10 19:35:57,700 [main] INFO  com.effort.forms.FormSubmission  - Starting of click on Add form botton method
2023-03-10 19:35:57,700 [main] INFO  com.effort.base.BaseAutomationPage  - Starting of waitUntilElementVisible method
2023-03-10 19:35:57,835 [main] INFO  com.effort.base.BaseAutomationPage  - Ending of waitUntilElementVisible method
2023-03-10 19:35:57,989 [main] INFO  com.effort.forms.FormSubmission  - ending of click on Add form botton method
2023-03-10 19:35:57,989 [main] INFO  com.effort.forms.FormSubmission  - Starting of switchNewWindow method
2023-03-10 19:35:58,028 [main] INFO  com.effort.forms.FormSubmission  - Ending of switchNewWindow method
2023-03-10 19:35:58,028 [main] INFO  com.effort.forms.FormSubmission  - Starting of enterCurrency method
2023-03-10 19:35:58,028 [main] INFO  com.effort.base.BaseAutomationPage  - Starting of waitUntilElementVisible method
2023-03-10 19:35:59,529 [main] INFO  com.effort.base.BaseAutomationPage  - Ending of waitUntilElementVisible method
2023-03-10 19:35:59,603 [main] INFO  com.effort.forms.FormSubmission  - Ending of enterCurrency method
2023-03-10 19:35:59,603 [main] INFO  com.effort.forms.FormSubmission  - Starting of clickOnDatePicker method
2023-03-10 19:35:59,603 [main] INFO  com.effort.base.BaseAutomationPage  - Starting of waitUntilElementVisible method
2023-03-10 19:35:59,641 [main] INFO  com.effort.base.BaseAutomationPage  - Ending of waitUntilElementVisible method
2023-03-10 19:35:59,722 [main] INFO  com.effort.base.BaseAutomationPage  - Starting of implicitWait Method
2023-03-10 19:35:59,724 [main] INFO  com.effort.base.BaseAutomationPage  - Ending of implicitWait Method
2023-03-10 19:35:59,724 [main] INFO  com.effort.forms.FormSubmission  - Ending of clickOnDatePicker method
2023-03-10 19:35:59,724 [main] INFO  com.effort.forms.FormSubmission  - Starting of click on current date method
2023-03-10 19:36:00,869 [main] INFO  com.effort.base.BaseAutomationPage  - Starting of waitUntilElementVisible method
2023-03-10 19:36:00,892 [main] INFO  com.effort.base.BaseAutomationPage  - Ending of waitUntilElementVisible method
2023-03-10 19:36:00,978 [main] INFO  com.effort.forms.FormSubmission  - Ending of ClickOnCurrentDate method
2023-03-10 19:36:00,978 [main] INFO  com.effort.forms.FormSubmission  - Starting of clickOnDateTimePicker method
2023-03-10 19:36:00,978 [main] INFO  com.effort.base.BaseAutomationPage  - Starting of waitUntilElementVisible method
2023-03-10 19:36:01,023 [main] INFO  com.effort.base.BaseAutomationPage  - Ending of waitUntilElementVisible method
2023-03-10 19:36:01,131 [main] INFO  com.effort.forms.FormSubmission  - Ending of clickOnDateTimePicker method
2023-03-10 19:36:01,131 [main] INFO  com.effort.forms.FormSubmission  - Starting of clickOnCurrentDateTime method
2023-03-10 19:36:02,230 [main] INFO  com.effort.base.BaseAutomationPage  - Starting of waitUntilElementVisible method
2023-03-10 19:36:02,245 [main] INFO  com.effort.base.BaseAutomationPage  - Ending of waitUntilElementVisible method
2023-03-10 19:36:02,396 [main] INFO  com.effort.forms.FormSubmission  - Ending of clickOnDatePicker method
2023-03-10 19:36:02,397 [main] INFO  com.effort.forms.FormSubmission  - Starting of enterDuration mentiond
2023-03-10 19:36:02,397 [main] INFO  com.effort.base.BaseAutomationPage  - Starting of waitUntilElementVisible method
2023-03-10 19:36:02,453 [main] INFO  com.effort.base.BaseAutomationPage  - Ending of waitUntilElementVisible method
2023-03-10 19:36:02,453 [main] INFO  com.effort.base.BaseAutomationPage  - Starting of clickOnWebElement method
2023-03-10 19:36:02,482 [main] INFO  com.effort.base.BaseAutomationPage  - Ending of clickOnWebElement method
2023-03-10 19:36:02,633 [main] INFO  com.effort.forms.FormSubmission  - Ending of enterDuration mentiond
2023-03-10 19:36:02,633 [main] INFO  com.effort.forms.FormSubmission  - Starting of ClickOnMonthPicker method
2023-03-10 19:36:02,633 [main] INFO  com.effort.base.BaseAutomationPage  - Starting of waitUntilElementVisible method
2023-03-10 19:36:02,667 [main] INFO  com.effort.base.BaseAutomationPage  - Ending of waitUntilElementVisible method
2023-03-10 19:36:02,667 [main] INFO  com.effort.base.BaseAutomationPage  - Starting of clickOnWebElement method
2023-03-10 19:36:02,718 [main] INFO  com.effort.base.BaseAutomationPage  - Ending of clickOnWebElement method
2023-03-10 19:36:02,718 [main] INFO  com.effort.forms.FormSubmission  - Ending of ClickOnMonthPicker method
2023-03-10 19:36:02,718 [main] INFO  com.effort.forms.FormSubmission  - Starting of clickOnCurrentDateTime method
2023-03-10 19:36:02,882 [main] INFO  com.effort.forms.FormSubmission  - Ending of clickOnDatePicker method
2023-03-10 19:36:02,882 [main] INFO  com.effort.forms.FormSubmission  - Starting of enter number method
2023-03-10 19:36:02,882 [main] INFO  com.effort.base.BaseAutomationPage  - Starting of waitUntilElementVisible method
2023-03-10 19:36:02,922 [main] INFO  com.effort.base.BaseAutomationPage  - Ending of waitUntilElementVisible method
2023-03-10 19:36:03,078 [main] INFO  com.effort.forms.FormSubmission  - Ending of enter number method
2023-03-10 19:36:03,078 [main] INFO  com.effort.forms.FormSubmission  - Starting of enterTextData method
2023-03-10 19:36:03,078 [main] INFO  com.effort.base.BaseAutomationPage  - Starting of waitUntilElementVisible method
2023-03-10 19:36:03,152 [main] INFO  com.effort.base.BaseAutomationPage  - Ending of waitUntilElementVisible method
2023-03-10 19:36:03,371 [main] INFO  com.effort.forms.FormSubmission  - Ending of enterTextData method
2023-03-10 19:36:03,371 [main] INFO  com.effort.forms.FormSubmission  - Starting of pickTime method
2023-03-10 19:36:03,371 [main] INFO  com.effort.base.BaseAutomationPage  - Starting of waitUntilElementVisible method
2023-03-10 19:36:03,399 [main] INFO  com.effort.base.BaseAutomationPage  - Ending of waitUntilElementVisible method
2023-03-10 19:36:03,399 [main] INFO  com.effort.base.BaseAutomationPage  - Starting of scrollDown method
2023-03-10 19:36:03,416 [main] INFO  com.effort.base.BaseAutomationPage  - Ending of scrollDown method
2023-03-10 19:36:04,421 [main] INFO  com.effort.forms.FormSubmission  - Ending of enterTextData method
2023-03-10 19:36:04,421 [main] INFO  com.effort.forms.FormSubmission  - Starting of Click on Save method
2023-03-10 19:36:04,421 [main] INFO  com.effort.base.BaseAutomationPage  - Starting of waitUntilElementVisible method
2023-03-10 19:36:04,488 [main] INFO  com.effort.base.BaseAutomationPage  - Ending of waitUntilElementVisible method
2023-03-10 19:36:12,798 [main] INFO  com.effort.forms.FormSubmission  - Starting of Click on Save method
]]></system-out>
  </testcase>
</testsuite>