<?xml version="1.0" encoding="UTF-8"?>
<!-- Generated by org.testng.reporters.JUnitXMLReporter -->
<testsuite ignored="2" hostname="DESKTOP-F48LRL5" failures="0" tests="5" name="forms" time="191.838" errors="0" timestamp="2023-04-13T21:44:19 IST">
  <testcase classname="com.effort.test.forms.FormsTest" name="formSpecCreation" time="107.109"/>
  <testcase classname="com.effort.test.forms.FormsTest" name="formSpecValidation" time="3.216"/>
  <testcase classname="com.effort.test.forms.FormsTest" name="formSpecModification" time="11.859"/>
  <testcase classname="com.effort.test.forms.FormsTest" name="formSpecWithDrawn" time="5.803"/>
  <testcase classname="com.effort.test.forms.FormSubmissionTest" name="submitForm" time="50.408"/>
  <testcase classname="com.effort.nxt.test.BaseAutomationTest" name="@BeforeSuite initTestData" time="0.0">
    <ignored/>
  </testcase> <!-- @BeforeSuite initTestData -->
  <testcase classname="com.effort.nxt.test.BaseAutomationTest" name="@AfterSuite quitAllDrivers" time="0.0">
    <ignored/>
  </testcase> <!-- @AfterSuite quitAllDrivers -->
</testsuite> <!-- forms -->
