<?xml version="1.0" encoding="UTF-8"?>
<!-- Generated by org.testng.reporters.JUnitXMLReporter -->
<testsuite ignored="2" hostname="DESKTOP-F48LRL5" failures="0" tests="5" name="works" time="90.947" errors="0" timestamp="2023-04-13T21:41:07 IST">
  <testcase classname="com.effort.nxt.test.works.WorkProcessCreationTest" name="workSpecCreation" time="62.018"/>
  <testcase classname="com.effort.nxt.test.works.WorkProcessCreationTest" name="validationWorkSpec" time="0.068"/>
  <testcase classname="com.effort.nxt.test.works.WorkProcessCreationTest" name="modificationWorkSpec" time="8.196"/>
  <testcase classname="com.effort.nxt.test.works.WorkProcessCreationTest" name="withDrawWorkSpec" time="1.904"/>
  <testcase classname="com.effort.nxt.test.works.AddWorkProcessTest" name="AddWork" time="1.149"/>
  <testcase classname="com.effort.nxt.test.BaseAutomationTest" name="@BeforeSuite initTestData" time="0.0">
    <ignored/>
  </testcase> <!-- @BeforeSuite initTestData -->
  <testcase classname="com.effort.nxt.test.BaseAutomationTest" name="@AfterSuite quitAllDrivers" time="0.0">
    <ignored/>
  </testcase> <!-- @AfterSuite quitAllDrivers -->
</testsuite> <!-- works -->
